<?xml version="1.0" encoding="UTF-8"?>
<testng-results ignored="4" total="7" passed="3" failed="0" skipped="0">
  <reporter-output>
    <line>
      <![CDATA[queen]]>
    </line>
    <line>
      <![CDATA[siva]]>
    </line>
    <line>
      <![CDATA[char]]>
    </line>
  </reporter-output>
  <suite started-at="2023-05-19T15:29:12 IST" name="Suite" finished-at="2023-05-19T15:29:12 IST" duration-ms="48">
    <groups>
      <group name="functional">
        <method signature="TESTNGGROUP.data4()[pri:0, instance:POM.TESTNGGROUP@52102734]" name="data4" class="POM.TESTNGGROUP"/>
      </group> <!-- functional -->
      <group name="smoke">
        <method signature="TESTNGGROUP.data6()[pri:0, instance:POM.TESTNGGROUP@52102734]" name="data6" class="POM.TESTNGGROUP"/>
      </group> <!-- smoke -->
      <group name="sanity">
        <method signature="TESTNGGROUP.data2()[pri:0, instance:POM.TESTNGGROUP@52102734]" name="data2" class="POM.TESTNGGROUP"/>
        <method signature="TESTNGGROUP.data4()[pri:0, instance:POM.TESTNGGROUP@52102734]" name="data4" class="POM.TESTNGGROUP"/>
        <method signature="TESTNGGROUP.data6()[pri:0, instance:POM.TESTNGGROUP@52102734]" name="data6" class="POM.TESTNGGROUP"/>
      </group> <!-- sanity -->
    </groups>
    <test started-at="2023-05-19T15:29:12 IST" name="Test" finished-at="2023-05-19T15:29:12 IST" duration-ms="48">
      <class name="POM.TESTNGGROUP">
        <test-method signature="data2()[pri:0, instance:POM.TESTNGGROUP@52102734]" started-at="2023-05-19T15:29:12 IST" name="data2" finished-at="2023-05-19T15:29:12 IST" duration-ms="10" status="PASS">
          <reporter-output>
            <line>
              <![CDATA[queen]]>
            </line>
          </reporter-output>
        </test-method> <!-- data2 -->
        <test-method signature="data4()[pri:0, instance:POM.TESTNGGROUP@52102734]" started-at="2023-05-19T15:29:12 IST" name="data4" finished-at="2023-05-19T15:29:12 IST" duration-ms="1" status="PASS">
          <reporter-output>
            <line>
              <![CDATA[siva]]>
            </line>
          </reporter-output>
        </test-method> <!-- data4 -->
        <test-method signature="data6()[pri:0, instance:POM.TESTNGGROUP@52102734]" started-at="2023-05-19T15:29:12 IST" name="data6" finished-at="2023-05-19T15:29:12 IST" duration-ms="2" status="PASS">
          <reporter-output>
            <line>
              <![CDATA[char]]>
            </line>
          </reporter-output>
        </test-method> <!-- data6 -->
      </class> <!-- POM.TESTNGGROUP -->
    </test> <!-- Test -->
  </suite> <!-- Suite -->
</testng-results>
