<?xml version="1.0" encoding="UTF-8"?>
<!-- Generated by org.testng.reporters.JUnitXMLReporter -->
<testsuite ignored="0" hostname="LAPTOP-I6PJVQP1" failures="0" tests="7" name="Default test" time="0.053" errors="0" timestamp="2023-05-19T15:25:28 IST">
  <testcase classname="POM.TESTNGGROUP" name="data1" time="0.008"/>
  <testcase classname="POM.TESTNGGROUP" name="data2" time="0.001"/>
  <testcase classname="POM.TESTNGGROUP" name="data3" time="0.001"/>
  <testcase classname="POM.TESTNGGROUP" name="data4" time="0.001"/>
  <testcase classname="POM.TESTNGGROUP" name="data5" time="0.001"/>
  <testcase classname="POM.TESTNGGROUP" name="data6" time="0.0"/>
  <testcase classname="POM.TESTNGGROUP" name="data7" time="0.001"/>
</testsuite> <!-- Default test -->
